<?xml version="1.0" encoding="UTF-8"?>
<!-- Generated by org.testng.reporters.JUnitXMLReporter -->
<testsuite ignored="0" hostname="vRhythms064" failures="0" tests="11" name="Default test" time="52.102" errors="0" timestamp="2025-10-16T15:26:40 IST">
  <testcase classname="com.noteaffect.tests.NoteAffect.PageObjectModelTC.TestNoteAffectLogin_03_Prop_Improved_POM" name="BlankUsernameBlankpasswordTest" time="2.454"/>
  <testcase classname="com.noteaffect.tests.NoteAffect.PageObjectModelTC.TestNoteAffectLogin_03_Prop_Improved_POM" name="BlankUsernameValidPasswordTest" time="2.364"/>
  <testcase classname="com.noteaffect.tests.NoteAffect.PageObjectModelTC.TestNoteAffectLogin_03_Prop_Improved_POM" name="InvalidUserNameInValidPasswordTest" time="3.423"/>
  <testcase classname="com.noteaffect.tests.NoteAffect.PageObjectModelTC.TestNoteAffectLogin_03_Prop_Improved_POM" name="InvalidUserNameValidPasswordTest" time="2.799"/>
  <testcase classname="com.noteaffect.tests.NoteAffect.PageObjectModelTC.TestNoteAffectLogin_03_Prop_Improved_POM" name="testLoginPositiveNoteAffect" time="7.755"/>
  <testcase classname="com.noteaffect.tests.NoteAffect.PageObjectModelTC.TestNoteAffectLogin_03_Prop_Improved_POM" name="testPageTitleValidation" time="2.145"/>
  <testcase classname="com.noteaffect.tests.NoteAffect.PageObjectModelTC.TestNoteAffectLogin_03_Prop_Improved_POM" name="testURLValidation" time="1.959"/>
  <testcase classname="com.noteaffect.tests.NoteAffect.PageObjectModelTC.TestNoteAffectLogin_03_Prop_Improved_POM" name="test_negative_noteaffect_login" time="2.896"/>
  <testcase classname="com.noteaffect.tests.NoteAffect.PageObjectModelTC.TestNoteAffectLogin_03_Prop_Improved_POM" name="validUserNameBlankPasswordTest" time="2.359"/>
  <testcase classname="com.noteaffect.tests.NoteAffect.PageObjectModelTC.TestNoteAffectLogin_03_Prop_Improved_POM" name="validUserNameInValidPasswordTest" time="2.797"/>
  <testcase classname="com.noteaffect.tests.NoteAffect.PageObjectModelTC.TestNoteAffectLogin_03_Prop_Improved_POM" name="validUserNameValidPasswordTest" time="7.408"/>
</testsuite> <!-- Default test -->
