<?xml version="1.0" encoding="UTF-8"?>
<!-- Generated by org.testng.reporters.JUnitXMLReporter -->
<testsuite ignored="0" hostname="vRhythms064" failures="0" tests="5" name="Test" time="158.941" errors="0" timestamp="2025-11-07T12:12:15 IST">
  <testcase classname="com.noteaffect.tests.NoteAffect.PageObjectModelTC.DashBoardTest" name="verifyAdminLogin" time="14.767"/>
  <testcase classname="com.noteaffect.tests.NoteAffect.PageObjectModelTC.DashBoardTest" name="verifyAdminLoginURL" time="11.724"/>
  <testcase classname="com.noteaffect.tests.NoteAffect.PageObjectModelTC.DashBoardTest" name="verifyAllTabsPresent" time="14.382"/>
  <testcase classname="com.noteaffect.tests.NoteAffect.PageObjectModelTC.DashBoardTest" name="verifyPresenterToolsSubTabsPresent" time="10.124"/>
  <testcase classname="com.noteaffect.tests.NoteAffect.PageObjectModelTC.DashBoardTest" name="verifyAdminToolsSubTabsPresent" time="13.073"/>
</testsuite> <!-- Test -->
