<?xml version="1.0" encoding="UTF-8"?>
<!-- Generated by org.testng.reporters.JUnitXMLReporter -->
<testsuite ignored="0" hostname="vRhythms064" failures="0" tests="11" name="Test" time="56.137" errors="0" timestamp="2025-11-11T18:28:47 IST">
  <testcase classname="com.noteaffect.tests.NoteAffect.PageObjectModelTC.TestNoteAffectLogin_03_Prop_Improved_POM" name="test_negative_noteaffect_login" time="3.056"/>
  <testcase classname="com.noteaffect.tests.NoteAffect.PageObjectModelTC.TestNoteAffectLogin_03_Prop_Improved_POM" name="testLoginPositiveNoteAffect" time="10.901"/>
  <testcase classname="com.noteaffect.tests.NoteAffect.PageObjectModelTC.TestNoteAffectLogin_03_Prop_Improved_POM" name="testPageTitleValidation" time="1.937"/>
  <testcase classname="com.noteaffect.tests.NoteAffect.PageObjectModelTC.TestNoteAffectLogin_03_Prop_Improved_POM" name="testURLValidation" time="1.874"/>
  <testcase classname="com.noteaffect.tests.NoteAffect.PageObjectModelTC.TestNoteAffectLogin_03_Prop_Improved_POM" name="validUserNameValidPasswordTest" time="7.786"/>
  <testcase classname="com.noteaffect.tests.NoteAffect.PageObjectModelTC.TestNoteAffectLogin_03_Prop_Improved_POM" name="validUserNameInValidPasswordTest" time="2.986"/>
  <testcase classname="com.noteaffect.tests.NoteAffect.PageObjectModelTC.TestNoteAffectLogin_03_Prop_Improved_POM" name="InvalidUserNameValidPasswordTest" time="2.91"/>
  <testcase classname="com.noteaffect.tests.NoteAffect.PageObjectModelTC.TestNoteAffectLogin_03_Prop_Improved_POM" name="InvalidUserNameInValidPasswordTest" time="2.961"/>
  <testcase classname="com.noteaffect.tests.NoteAffect.PageObjectModelTC.TestNoteAffectLogin_03_Prop_Improved_POM" name="BlankUsernameValidPasswordTest" time="2.291"/>
  <testcase classname="com.noteaffect.tests.NoteAffect.PageObjectModelTC.TestNoteAffectLogin_03_Prop_Improved_POM" name="validUserNameBlankPasswordTest" time="2.491"/>
  <testcase classname="com.noteaffect.tests.NoteAffect.PageObjectModelTC.TestNoteAffectLogin_03_Prop_Improved_POM" name="BlankUsernameBlankpasswordTest" time="2.384"/>
</testsuite> <!-- Test -->
