<?xml version="1.0" encoding="UTF-8"?>
<testng-results ignored="0" total="3" passed="3" failed="0" skipped="0">
  <reporter-output>
  </reporter-output>
  <suite started-at="2025-10-27T19:21:57 IST" name="Suite" finished-at="2025-10-27T19:22:34 IST" duration-ms="36930">
    <groups>
    </groups>
    <test started-at="2025-10-27T19:21:57 IST" name="Test" finished-at="2025-10-27T19:22:34 IST" duration-ms="36930">
      <class name="com.noteaffect.tests.NoteAffect.PageObjectModelTC.DashBoardTest">
        <test-method is-config="true" signature="setup()[pri:0, instance:com.noteaffect.tests.NoteAffect.PageObjectModelTC.DashBoardTest@34a1d21f]" started-at="2025-10-27T19:21:57 IST" name="setup" finished-at="2025-10-27T19:21:59 IST" duration-ms="1642" status="PASS">
          <reporter-output>
          </reporter-output>
        </test-method> <!-- setup -->
        <test-method signature="verifyAdminLogin()[pri:0, instance:com.noteaffect.tests.NoteAffect.PageObjectModelTC.DashBoardTest@34a1d21f]" started-at="2025-10-27T19:21:59 IST" name="verifyAdminLogin" finished-at="2025-10-27T19:22:11 IST" duration-ms="11759" status="PASS">
          <reporter-output>
          </reporter-output>
        </test-method> <!-- verifyAdminLogin -->
        <test-method is-config="true" signature="tearDown()[pri:0, instance:com.noteaffect.tests.NoteAffect.PageObjectModelTC.DashBoardTest@34a1d21f]" started-at="2025-10-27T19:22:11 IST" name="tearDown" finished-at="2025-10-27T19:22:12 IST" duration-ms="1192" status="PASS">
          <reporter-output>
          </reporter-output>
        </test-method> <!-- tearDown -->
        <test-method is-config="true" signature="setup()[pri:0, instance:com.noteaffect.tests.NoteAffect.PageObjectModelTC.DashBoardTest@34a1d21f]" started-at="2025-10-27T19:22:12 IST" name="setup" finished-at="2025-10-27T19:22:13 IST" duration-ms="1116" status="PASS">
          <reporter-output>
          </reporter-output>
        </test-method> <!-- setup -->
        <test-method signature="verifyAdminLoginURL()[pri:0, instance:com.noteaffect.tests.NoteAffect.PageObjectModelTC.DashBoardTest@34a1d21f]" started-at="2025-10-27T19:22:13 IST" name="verifyAdminLoginURL" finished-at="2025-10-27T19:22:25 IST" duration-ms="11676" status="PASS">
          <reporter-output>
          </reporter-output>
        </test-method> <!-- verifyAdminLoginURL -->
        <test-method is-config="true" signature="tearDown()[pri:0, instance:com.noteaffect.tests.NoteAffect.PageObjectModelTC.DashBoardTest@34a1d21f]" started-at="2025-10-27T19:22:25 IST" name="tearDown" finished-at="2025-10-27T19:22:25 IST" duration-ms="300" status="PASS">
          <reporter-output>
          </reporter-output>
        </test-method> <!-- tearDown -->
        <test-method is-config="true" signature="setup()[pri:0, instance:com.noteaffect.tests.NoteAffect.PageObjectModelTC.DashBoardTest@34a1d21f]" started-at="2025-10-27T19:22:25 IST" name="setup" finished-at="2025-10-27T19:22:26 IST" duration-ms="1028" status="PASS">
          <reporter-output>
          </reporter-output>
        </test-method> <!-- setup -->
        <test-method signature="verifyllTabsPresent()[pri:0, instance:com.noteaffect.tests.NoteAffect.PageObjectModelTC.DashBoardTest@34a1d21f]" started-at="2025-10-27T19:22:26 IST" name="verifyllTabsPresent" finished-at="2025-10-27T19:22:34 IST" duration-ms="7712" status="PASS">
          <reporter-output>
          </reporter-output>
        </test-method> <!-- verifyllTabsPresent -->
        <test-method is-config="true" signature="tearDown()[pri:0, instance:com.noteaffect.tests.NoteAffect.PageObjectModelTC.DashBoardTest@34a1d21f]" started-at="2025-10-27T19:22:34 IST" name="tearDown" finished-at="2025-10-27T19:22:34 IST" duration-ms="271" status="PASS">
          <reporter-output>
          </reporter-output>
        </test-method> <!-- tearDown -->
      </class> <!-- com.noteaffect.tests.NoteAffect.PageObjectModelTC.DashBoardTest -->
    </test> <!-- Test -->
  </suite> <!-- Suite -->
</testng-results>
