<?xml version="1.0" encoding="UTF-8"?>
<!-- Generated by org.testng.reporters.JUnitReportReporter -->
<testsuite hostname="vRhythms064" failures="0" tests="5" name="com.noteaffect.tests.NoteAffect.PageObjectModelTC.DashBoardTest" time="51.768" errors="0" timestamp="2025-11-11T18:26:25 IST" skipped="0">
  <testcase classname="com.noteaffect.tests.NoteAffect.PageObjectModelTC.DashBoardTest" name="verifyAdminToolsSubTabsPresent" time="9.306"/>
  <testcase classname="com.noteaffect.tests.NoteAffect.PageObjectModelTC.DashBoardTest" name="verifyPresenterToolsSubTabsPresent" time="12.796"/>
  <testcase classname="com.noteaffect.tests.NoteAffect.PageObjectModelTC.DashBoardTest" name="verifyAdminLogin" time="9.434"/>
  <testcase classname="com.noteaffect.tests.NoteAffect.PageObjectModelTC.DashBoardTest" name="verifyAdminLoginURL" time="11.933"/>
  <testcase classname="com.noteaffect.tests.NoteAffect.PageObjectModelTC.DashBoardTest" name="verifyAllTabsPresent" time="8.299"/>
</testsuite> <!-- com.noteaffect.tests.NoteAffect.PageObjectModelTC.DashBoardTest -->
