<?xml version="1.0" encoding="UTF-8"?>
<!-- Generated by org.testng.reporters.JUnitReportReporter -->
<testsuite hostname="vRhythms064" failures="0" tests="11" name="com.noteaffect.tests.NoteAffect.PageObjectModelTC.TestNoteAffectLogin_03_Prop_Improved_POM" time="55.759" errors="0" timestamp="2025-11-11T18:28:47 IST" skipped="0">
  <testcase classname="com.noteaffect.tests.NoteAffect.PageObjectModelTC.TestNoteAffectLogin_03_Prop_Improved_POM" name="validUserNameValidPasswordTest" time="8.736"/>
  <testcase classname="com.noteaffect.tests.NoteAffect.PageObjectModelTC.TestNoteAffectLogin_03_Prop_Improved_POM" name="InvalidUserNameInValidPasswordTest" time="4.874"/>
  <testcase classname="com.noteaffect.tests.NoteAffect.PageObjectModelTC.TestNoteAffectLogin_03_Prop_Improved_POM" name="validUserNameInValidPasswordTest" time="4.040"/>
  <testcase classname="com.noteaffect.tests.NoteAffect.PageObjectModelTC.TestNoteAffectLogin_03_Prop_Improved_POM" name="test_negative_noteaffect_login" time="4.290"/>
  <testcase classname="com.noteaffect.tests.NoteAffect.PageObjectModelTC.TestNoteAffectLogin_03_Prop_Improved_POM" name="BlankUsernameBlankpasswordTest" time="3.426"/>
  <testcase classname="com.noteaffect.tests.NoteAffect.PageObjectModelTC.TestNoteAffectLogin_03_Prop_Improved_POM" name="testPageTitleValidation" time="2.934"/>
  <testcase classname="com.noteaffect.tests.NoteAffect.PageObjectModelTC.TestNoteAffectLogin_03_Prop_Improved_POM" name="BlankUsernameValidPasswordTest" time="4.343"/>
  <testcase classname="com.noteaffect.tests.NoteAffect.PageObjectModelTC.TestNoteAffectLogin_03_Prop_Improved_POM" name="validUserNameBlankPasswordTest" time="3.471"/>
  <testcase classname="com.noteaffect.tests.NoteAffect.PageObjectModelTC.TestNoteAffectLogin_03_Prop_Improved_POM" name="testURLValidation" time="3.704"/>
  <testcase classname="com.noteaffect.tests.NoteAffect.PageObjectModelTC.TestNoteAffectLogin_03_Prop_Improved_POM" name="testLoginPositiveNoteAffect" time="11.881"/>
  <testcase classname="com.noteaffect.tests.NoteAffect.PageObjectModelTC.TestNoteAffectLogin_03_Prop_Improved_POM" name="InvalidUserNameValidPasswordTest" time="4.060"/>
</testsuite> <!-- com.noteaffect.tests.NoteAffect.PageObjectModelTC.TestNoteAffectLogin_03_Prop_Improved_POM -->
